  func.cpp
C:\github\labs\Laba17\Laba17\func.h(103,2): warning C4018: <: несоответствие типов со знаком и без знака
C:\github\labs\Laba17\Laba17\func.h(102): message : во время компиляции функции-члена класс шаблон "void Matrix<int>::print(void)"
C:\github\labs\Laba17\Laba17\func.cpp(26): message : выполняется компиляция ссылки на экземпляр шаблон функции "void Matrix<int>::print(void)"
C:\github\labs\Laba17\Laba17\func.cpp(13): message : выполняется компиляция ссылки на экземпляр класс шаблон функции "Matrix<int>"
C:\github\labs\Laba17\Laba17\func.h(105,2): warning C4018: <: несоответствие типов со знаком и без знака
C:\github\labs\Laba17\Laba17\func.h(94,2): warning C4018: <: несоответствие типов со знаком и без знака
C:\github\labs\Laba17\Laba17\func.h(90): message : во время компиляции функции-члена класс шаблон "Matrix<int> Matrix<int>::sum(const Matrix<int> &)"
C:\github\labs\Laba17\Laba17\func.cpp(25): message : выполняется компиляция ссылки на экземпляр шаблон функции "Matrix<int> Matrix<int>::sum(const Matrix<int> &)"
C:\github\labs\Laba17\Laba17\func.h(95,2): warning C4018: <: несоответствие типов со знаком и без знака
C:\github\labs\Laba17\Laba17\func.h(63,2): warning C4018: <: несоответствие типов со знаком и без знака
C:\github\labs\Laba17\Laba17\func.h(62): message : во время компиляции функции-члена класс шаблон "void Matrix<int>::set(void)"
C:\github\labs\Laba17\Laba17\func.cpp(14): message : выполняется компиляция ссылки на экземпляр шаблон функции "void Matrix<int>::set(void)"
C:\github\labs\Laba17\Laba17\func.h(64,2): warning C4018: <: несоответствие типов со знаком и без знака
C:\github\labs\Laba17\Laba17\func.h(58,2): warning C4018: <: несоответствие типов со знаком и без знака
C:\github\labs\Laba17\Laba17\func.h(57): message : во время компиляции функции-члена класс шаблон "Matrix<int>::~Matrix(void)"
C:\github\labs\Laba17\Laba17\func.cpp(13): message : выполняется компиляция ссылки на экземпляр шаблон функции "Matrix<int>::~Matrix(void)"
C:\github\labs\Laba17\Laba17\func.h(43,2): warning C4018: <: несоответствие типов со знаком и без знака
C:\github\labs\Laba17\Laba17\func.h(38): message : во время компиляции функции-члена класс шаблон "Matrix<int> &Matrix<int>::operator =(const Matrix<int> &)"
C:\github\labs\Laba17\Laba17\func.cpp(25): message : выполняется компиляция ссылки на экземпляр шаблон функции "Matrix<int> &Matrix<int>::operator =(const Matrix<int> &)"
C:\github\labs\Laba17\Laba17\func.h(46,2): warning C4018: <: несоответствие типов со знаком и без знака
C:\github\labs\Laba17\Laba17\func.h(48,2): warning C4018: <: несоответствие типов со знаком и без знака
C:\github\labs\Laba17\Laba17\func.h(49,2): warning C4018: <: несоответствие типов со знаком и без знака
C:\github\labs\Laba17\Laba17\func.h(18,2): warning C4018: <: несоответствие типов со знаком и без знака
C:\github\labs\Laba17\Laba17\func.h(13): message : во время компиляции функции-члена класс шаблон "Matrix<int>::Matrix(size_t,size_t)"
C:\github\labs\Laba17\Laba17\func.cpp(13): message : выполняется компиляция ссылки на экземпляр шаблон функции "Matrix<int>::Matrix(size_t,size_t)"
C:\github\labs\Laba17\Laba17\func.h(20,2): warning C4018: <: несоответствие типов со знаком и без знака
C:\github\labs\Laba17\Laba17\func.h(21,2): warning C4018: <: несоответствие типов со знаком и без знака
C:\github\labs\Laba17\Laba17\func.h(30,2): warning C4018: <: несоответствие типов со знаком и без знака
C:\github\labs\Laba17\Laba17\func.h(25): message : во время компиляции функции-члена класс шаблон "Matrix<int>::Matrix(const Matrix<int> &)"
C:\github\labs\Laba17\Laba17\func.h(99): message : выполняется компиляция ссылки на экземпляр шаблон функции "Matrix<int>::Matrix(const Matrix<int> &)"
C:\github\labs\Laba17\Laba17\func.h(32,2): warning C4018: <: несоответствие типов со знаком и без знака
C:\github\labs\Laba17\Laba17\func.h(33,2): warning C4018: <: несоответствие типов со знаком и без знака
  Laba17.vcxproj -> C:\github\labs\Laba17\Debug\Laba17.exe
